[INFO  - 2018-03-26T13:01:47.378Z] GhostDriver - Main - running on port 56196
[INFO  - 2018-03-26T13:01:48.277Z] Session [d7ee9ca0-30f5-11e8-9df5-8d55a2da093a] - page.settings - {"XSSAuditingEnabled":false,"javascriptCanCloseWindows":true,"javascriptCanOpenWindows":true,"javascriptEnabled":true,"loadImages":true,"localToRemoteUrlAccessEnabled":false,"userAgent":"Mozilla/5.0 (Unknown; Linux x86_64) AppleWebKit/538.1 (KHTML, like Gecko) PhantomJS/2.1.1 Safari/538.1","webSecurityEnabled":true}
[INFO  - 2018-03-26T13:01:48.277Z] Session [d7ee9ca0-30f5-11e8-9df5-8d55a2da093a] - page.customHeaders:  - {}
[INFO  - 2018-03-26T13:01:48.277Z] Session [d7ee9ca0-30f5-11e8-9df5-8d55a2da093a] - Session.negotiatedCapabilities - {"browserName":"phantomjs","version":"2.1.1","driverName":"ghostdriver","driverVersion":"1.2.0","platform":"linux-unknown-64bit","javascriptEnabled":true,"takesScreenshot":true,"handlesAlerts":false,"databaseEnabled":false,"locationContextEnabled":false,"applicationCacheEnabled":false,"browserConnectionEnabled":false,"cssSelectorsEnabled":true,"webStorageEnabled":false,"rotatable":false,"acceptSslCerts":false,"nativeEvents":true,"proxy":{"proxyType":"direct"}}
[INFO  - 2018-03-26T13:01:48.278Z] SessionManagerReqHand - _postNewSessionCommand - New Session Created: d7ee9ca0-30f5-11e8-9df5-8d55a2da093a
[ERROR - 2018-03-26T13:01:55.643Z] WebElementLocator - _handleLocateCommand - Element(s) NOT Found: GAVE UP. Search Stop Time: 1522069315635

  phantomjs://platform/console++.js:263 in error
[ERROR - 2018-03-26T13:02:00.119Z] WebElementLocator - _handleLocateCommand - Element(s) NOT Found: GAVE UP. Search Stop Time: 1522069320081

  phantomjs://platform/console++.js:263 in error
[ERROR - 2018-03-26T13:02:04.552Z] WebElementLocator - _handleLocateCommand - Element(s) NOT Found: GAVE UP. Search Stop Time: 1522069324534

  phantomjs://platform/console++.js:263 in error
[ERROR - 2018-03-26T13:02:09.040Z] WebElementLocator - _handleLocateCommand - Element(s) NOT Found: GAVE UP. Search Stop Time: 1522069328996

  phantomjs://platform/console++.js:263 in error
[ERROR - 2018-03-26T13:02:13.612Z] WebElementLocator - _handleLocateCommand - Element(s) NOT Found: GAVE UP. Search Stop Time: 1522069333569

  phantomjs://platform/console++.js:263 in error
[ERROR - 2018-03-26T13:02:18.092Z] WebElementLocator - _handleLocateCommand - Element(s) NOT Found: GAVE UP. Search Stop Time: 1522069338052

  phantomjs://platform/console++.js:263 in error
[ERROR - 2018-03-26T13:02:22.582Z] WebElementLocator - _handleLocateCommand - Element(s) NOT Found: GAVE UP. Search Stop Time: 1522069342535

  phantomjs://platform/console++.js:263 in error
[ERROR - 2018-03-26T13:02:27.165Z] WebElementLocator - _handleLocateCommand - Element(s) NOT Found: GAVE UP. Search Stop Time: 1522069347124

  phantomjs://platform/console++.js:263 in error
[ERROR - 2018-03-26T13:02:31.669Z] WebElementLocator - _handleLocateCommand - Element(s) NOT Found: GAVE UP. Search Stop Time: 1522069351617

  phantomjs://platform/console++.js:263 in error
[ERROR - 2018-03-26T13:02:36.263Z] WebElementLocator - _handleLocateCommand - Element(s) NOT Found: GAVE UP. Search Stop Time: 1522069356213

  phantomjs://platform/console++.js:263 in error
[ERROR - 2018-03-26T13:02:40.759Z] WebElementLocator - _handleLocateCommand - Element(s) NOT Found: GAVE UP. Search Stop Time: 1522069360712

  phantomjs://platform/console++.js:263 in error
[ERROR - 2018-03-26T13:02:45.392Z] WebElementLocator - _handleLocateCommand - Element(s) NOT Found: GAVE UP. Search Stop Time: 1522069365343

  phantomjs://platform/console++.js:263 in error
[ERROR - 2018-03-26T13:02:49.876Z] WebElementLocator - _handleLocateCommand - Element(s) NOT Found: GAVE UP. Search Stop Time: 1522069369829

  phantomjs://platform/console++.js:263 in error
